2021-08-16 15:41:53  INFO ${sys:PID} --- [           main] o.s.t.c.s.AbstractContextLoader          : Could not detect default resource locations for test class [com.nicebin.user.mybatis_plus.MybatisPlusTest]: no resource found for suffixes {-context.xml, Context.groovy}.
2021-08-16 15:41:53  INFO ${sys:PID} --- [           main] t.c.s.AnnotationConfigContextLoaderUtils : Could not detect default configuration classes for test class [com.nicebin.user.mybatis_plus.MybatisPlusTest]: MybatisPlusTest does not declare any static, non-private, non-final, nested classes annotated with @Configuration.
2021-08-16 15:41:53  INFO ${sys:PID} --- [           main] .b.t.c.SpringBootTestContextBootstrapper : Found @SpringBootConfiguration com.nicebin.user.UserServiceApplication for test class com.nicebin.user.mybatis_plus.MybatisPlusTest
2021-08-16 15:41:53  INFO ${sys:PID} --- [           main] .b.t.c.SpringBootTestContextBootstrapper : Loaded default TestExecutionListener class names from location [META-INF/spring.factories]: [org.springframework.boot.test.mock.mockito.MockitoTestExecutionListener, org.springframework.boot.test.mock.mockito.ResetMocksTestExecutionListener, org.springframework.boot.test.autoconfigure.restdocs.RestDocsTestExecutionListener, org.springframework.boot.test.autoconfigure.web.client.MockRestServiceServerResetTestExecutionListener, org.springframework.boot.test.autoconfigure.web.servlet.MockMvcPrintOnlyOnFailureTestExecutionListener, org.springframework.boot.test.autoconfigure.web.servlet.WebDriverTestExecutionListener, org.springframework.boot.test.autoconfigure.webservices.client.MockWebServiceServerTestExecutionListener, org.springframework.test.context.web.ServletTestExecutionListener, org.springframework.test.context.support.DirtiesContextBeforeModesTestExecutionListener, org.springframework.test.context.support.DependencyInjectionTestExecutionListener, org.springframework.test.context.support.DirtiesContextTestExecutionListener, org.springframework.test.context.transaction.TransactionalTestExecutionListener, org.springframework.test.context.jdbc.SqlScriptsTestExecutionListener, org.springframework.test.context.event.EventPublishingTestExecutionListener]
2021-08-16 15:41:53  INFO ${sys:PID} --- [           main] .b.t.c.SpringBootTestContextBootstrapper : Using TestExecutionListeners: [org.springframework.test.context.web.ServletTestExecutionListener@497486b3, org.springframework.test.context.support.DirtiesContextBeforeModesTestExecutionListener@63f8276e, org.springframework.boot.test.mock.mockito.MockitoTestExecutionListener@75f95314, org.springframework.boot.test.autoconfigure.SpringBootDependencyInjectionTestExecutionListener@6127a7e, org.springframework.test.context.support.DirtiesContextTestExecutionListener@6bbe2511, org.springframework.test.context.transaction.TransactionalTestExecutionListener@495fac5f, org.springframework.test.context.jdbc.SqlScriptsTestExecutionListener@76012793, org.springframework.test.context.event.EventPublishingTestExecutionListener@635572a7, org.springframework.boot.test.mock.mockito.ResetMocksTestExecutionListener@79d94571, org.springframework.boot.test.autoconfigure.restdocs.RestDocsTestExecutionListener@4dd02341, org.springframework.boot.test.autoconfigure.web.client.MockRestServiceServerResetTestExecutionListener@3212a8d7, org.springframework.boot.test.autoconfigure.web.servlet.MockMvcPrintOnlyOnFailureTestExecutionListener@7a1a3478, org.springframework.boot.test.autoconfigure.web.servlet.WebDriverTestExecutionListener@495b0487, org.springframework.boot.test.autoconfigure.webservices.client.MockWebServiceServerTestExecutionListener@55dfcc6]
2021-08-16 15:41:57  INFO 118952 --- [           main] c.a.n.c.c.i.LocalConfigInfoProcessor     : LOCAL_SNAPSHOT_PATH:C:\Users\syni\nacos\config
2021-08-16 15:41:58  INFO 118952 --- [           main] c.a.n.c.c.i.Limiter                      : limitTime:5.0
2021-08-16 15:41:58  INFO 118952 --- [           main] c.a.n.c.c.u.JvmUtil                      : isMultiInstance:false
2021-08-16 15:41:58 ERROR 118952 --- [           main] c.a.c.n.c.NacosPropertySourceBuilder     : parse data from Nacos error,dataId:druid.yml,data:spring:
  datasource:
    druid:
      # 初始化时建立物理连接的个数。初始化发生在显示调用init方法，或者第一次getConnection时[0]
      initial-size: 1
      # 如果有initialSize数量较多时，打开会加快应用启动时间
      async-init: false
      # 最大连接池数量[8]
      # maxIdle 已经不再使用，配置了也没效果[8]
      max-active: 20
      # 最小连接池数量
      min-idle: 5
      # 获取连接时最大等待时间，单位毫秒。配置了maxWait之后，缺省启用公平锁，并发效率会有所下降，
      # 如果需要可以通过配置useUnfairLock属性为true使用非公平锁。
      max-wait: 60000
      # 有两个含义：
      # 1) Destroy线程会检测连接的间隔时间，如果连接空闲时间大于等于minEvictableIdleTimeMillis则关闭物理连接。
      # 2) testWhileIdle的判断依据，详细看testWhileIdle属性的说明
      time-between-eviction-runs-millis: 60000
      # 连接保持空闲而不被驱逐的最小时间
      min-evictable-idle-time-millis: 300000
      # 连接池配置-一个连接在池中最大生存的时间，单位是毫秒
      max-evictable-idle-time-millis: 600000
      # 是否缓存preparedStatement，也就是PSCache。PSCache对支持游标的数据库性能提升巨大，
      # 比如说oracle。在mysql下建议关闭。[false]
      pool-prepared-statements: false
      # 要启用PSCache，必须配置大于0，当大于0时，poolPreparedStatements自动触发修改为true。
      # 在Druid中，不会存在Oracle下PSCache占用内存过多的问题，可以把这个数值配置大一些，比如说100[-1]
      max-pool-prepared-statement-per-connection-size: -1
      # 用来检测连接是否有效的sql，要求是一个查询语句，常用select 'x'。
      # 如果validationQuery为null，testOnBorrow、testOnReturn、testWhileIdle都不会起作用。
      validation-query: select 'druid'
      # 单位：秒，检测连接是否有效的超时时间。底层调用jdbc Statement对象的void setQueryTimeout(int seconds)方法
      validation-query-timeout: 5000
      # 申请连接的时候检测，如果空闲时间大于timeBetweenEvictionRunsMillis，执行validationQuery检测连接是否有效。
      # 建议配置为true，不影响性能，并且保证安全性。[false]
      test-while-idle: true
      # 申请连接时执行validationQuery检测连接是否有效，做了这个配置会降低性能。[true]
      test-on-borrow: false
      # 归还连接时执行validationQuery检测连接是否有效，做了这个配置会降低性能。[false]
      test-on-return: false
      # 连接池中的minIdle数量以内的连接，空闲时间超过minEvictableIdleTimeMillis，则会执行keepAlive操作。
      keep-alive: true
      # 属性类型是字符串，通过别名的方式配置扩展插件，常用的插件有：
      # 监控统计用的filter:stat、日志用的filter:log4j、防御sql注入的filter:wall
      filters: stat,wall,log4j2
      filter:
        stat:
          enabled: true
          log-slow-sql: true
          #毫秒，超过1毫秒的sql会统计出来
          slow-sql-millis: 1
        wall:
          enabled: true
        log4j2:
          enabled: true
          statement-create-after-log-enabled: false
          statement-close-after-log-enabled: false
          result-set-open-after-log-enabled: false
          result-set-close-after-log-enabled: false
      # 开启 Druid Monitor 页面
      stat-view-servlet:
        enabled: true
        login-username: admin
        login-password: admin

      ##### WebStatFilter配置，就是URI监控 #######
      #启用StatFilter
      web-stat-filter:
        enabled: true
        #排除一些不必要的url
        exclusions: '*.js,*.gif,*.jpg,*.png,*.css,*.ico,/druid/*'
        #开启session统计功能
        session-stat-enable: true
        #缺省sessionStatMaxCount是1000个
        session-stat-max-count: 1000
        #添加过滤规则
        url-pattern: /*
      #Spring监控，需要注意，一定要经过mapper的方法才行
      aop-patterns: com.nicebin.user.mapper.*,com.baomidou.mybatisplus.core.mapper.*

      

org.yaml.snakeyaml.error.YAMLException: java.nio.charset.MalformedInputException: Input length = 1
	at org.yaml.snakeyaml.reader.StreamReader.update(StreamReader.java:218) ~[snakeyaml-1.26.jar:?]
	at org.yaml.snakeyaml.reader.StreamReader.ensureEnoughData(StreamReader.java:176) ~[snakeyaml-1.26.jar:?]
	at org.yaml.snakeyaml.reader.StreamReader.ensureEnoughData(StreamReader.java:171) ~[snakeyaml-1.26.jar:?]
	at org.yaml.snakeyaml.reader.StreamReader.peek(StreamReader.java:126) ~[snakeyaml-1.26.jar:?]
	at org.yaml.snakeyaml.scanner.ScannerImpl.scanToNextToken(ScannerImpl.java:1177) ~[snakeyaml-1.26.jar:?]
	at org.yaml.snakeyaml.scanner.ScannerImpl.fetchMoreTokens(ScannerImpl.java:287) ~[snakeyaml-1.26.jar:?]
	at org.yaml.snakeyaml.scanner.ScannerImpl.checkToken(ScannerImpl.java:227) ~[snakeyaml-1.26.jar:?]
	at org.yaml.snakeyaml.parser.ParserImpl$ParseImplicitDocumentStart.produce(ParserImpl.java:195) ~[snakeyaml-1.26.jar:?]
	at org.yaml.snakeyaml.parser.ParserImpl.peekEvent(ParserImpl.java:158) ~[snakeyaml-1.26.jar:?]
	at org.yaml.snakeyaml.parser.ParserImpl.checkEvent(ParserImpl.java:148) ~[snakeyaml-1.26.jar:?]
	at org.yaml.snakeyaml.composer.Composer.checkNode(Composer.java:82) ~[snakeyaml-1.26.jar:?]
	at org.yaml.snakeyaml.constructor.BaseConstructor.checkData(BaseConstructor.java:123) ~[snakeyaml-1.26.jar:?]
	at org.yaml.snakeyaml.Yaml$1.hasNext(Yaml.java:489) ~[snakeyaml-1.26.jar:?]
	at org.springframework.beans.factory.config.YamlProcessor.process(YamlProcessor.java:200) ~[spring-beans-5.2.8.RELEASE.jar:5.2.8.RELEASE]
	at org.springframework.beans.factory.config.YamlProcessor.process(YamlProcessor.java:164) ~[spring-beans-5.2.8.RELEASE.jar:5.2.8.RELEASE]
	at org.springframework.boot.env.OriginTrackedYamlLoader.load(OriginTrackedYamlLoader.java:76) ~[spring-boot-2.3.2.RELEASE.jar:2.3.2.RELEASE]
	at org.springframework.boot.env.YamlPropertySourceLoader.load(YamlPropertySourceLoader.java:50) ~[spring-boot-2.3.2.RELEASE.jar:2.3.2.RELEASE]
	at com.alibaba.cloud.nacos.parser.NacosDataParserHandler.parseNacosData(NacosDataParserHandler.java:92) ~[spring-cloud-starter-alibaba-nacos-config-2.2.5.RELEASE.jar:2.2.5.RELEASE]
	at com.alibaba.cloud.nacos.client.NacosPropertySourceBuilder.loadNacosData(NacosPropertySourceBuilder.java:97) [spring-cloud-starter-alibaba-nacos-config-2.2.5.RELEASE.jar:2.2.5.RELEASE]
	at com.alibaba.cloud.nacos.client.NacosPropertySourceBuilder.build(NacosPropertySourceBuilder.java:73) [spring-cloud-starter-alibaba-nacos-config-2.2.5.RELEASE.jar:2.2.5.RELEASE]
	at com.alibaba.cloud.nacos.client.NacosPropertySourceLocator.loadNacosPropertySource(NacosPropertySourceLocator.java:199) [spring-cloud-starter-alibaba-nacos-config-2.2.5.RELEASE.jar:2.2.5.RELEASE]
	at com.alibaba.cloud.nacos.client.NacosPropertySourceLocator.loadNacosDataIfPresent(NacosPropertySourceLocator.java:186) [spring-cloud-starter-alibaba-nacos-config-2.2.5.RELEASE.jar:2.2.5.RELEASE]
	at com.alibaba.cloud.nacos.client.NacosPropertySourceLocator.loadNacosConfiguration(NacosPropertySourceLocator.java:158) [spring-cloud-starter-alibaba-nacos-config-2.2.5.RELEASE.jar:2.2.5.RELEASE]
	at com.alibaba.cloud.nacos.client.NacosPropertySourceLocator.loadSharedConfiguration(NacosPropertySourceLocator.java:116) [spring-cloud-starter-alibaba-nacos-config-2.2.5.RELEASE.jar:2.2.5.RELEASE]
	at com.alibaba.cloud.nacos.client.NacosPropertySourceLocator.locate(NacosPropertySourceLocator.java:101) [spring-cloud-starter-alibaba-nacos-config-2.2.5.RELEASE.jar:2.2.5.RELEASE]
	at org.springframework.cloud.bootstrap.config.PropertySourceLocator.locateCollection(PropertySourceLocator.java:52) [spring-cloud-context-2.2.5.RELEASE.jar:2.2.5.RELEASE]
	at org.springframework.cloud.bootstrap.config.PropertySourceLocator.locateCollection(PropertySourceLocator.java:47) [spring-cloud-context-2.2.5.RELEASE.jar:2.2.5.RELEASE]
	at org.springframework.cloud.bootstrap.config.PropertySourceBootstrapConfiguration.initialize(PropertySourceBootstrapConfiguration.java:98) [spring-cloud-context-2.2.5.RELEASE.jar:2.2.5.RELEASE]
	at org.springframework.boot.SpringApplication.applyInitializers(SpringApplication.java:626) [spring-boot-2.3.2.RELEASE.jar:2.3.2.RELEASE]
	at org.springframework.boot.SpringApplication.prepareContext(SpringApplication.java:370) [spring-boot-2.3.2.RELEASE.jar:2.3.2.RELEASE]
	at org.springframework.boot.SpringApplication.run(SpringApplication.java:314) [spring-boot-2.3.2.RELEASE.jar:2.3.2.RELEASE]
	at org.springframework.boot.test.context.SpringBootContextLoader.loadContext(SpringBootContextLoader.java:120) [spring-boot-test-2.3.2.RELEASE.jar:2.3.2.RELEASE]
	at org.springframework.test.context.cache.DefaultCacheAwareContextLoaderDelegate.loadContextInternal(DefaultCacheAwareContextLoaderDelegate.java:99) [spring-test-5.2.8.RELEASE.jar:5.2.8.RELEASE]
	at org.springframework.test.context.cache.DefaultCacheAwareContextLoaderDelegate.loadContext(DefaultCacheAwareContextLoaderDelegate.java:124) [spring-test-5.2.8.RELEASE.jar:5.2.8.RELEASE]
	at org.springframework.test.context.support.DefaultTestContext.getApplicationContext(DefaultTestContext.java:123) [spring-test-5.2.8.RELEASE.jar:5.2.8.RELEASE]
	at org.springframework.test.context.web.ServletTestExecutionListener.setUpRequestContextIfNecessary(ServletTestExecutionListener.java:190) [spring-test-5.2.8.RELEASE.jar:5.2.8.RELEASE]
	at org.springframework.test.context.web.ServletTestExecutionListener.prepareTestInstance(ServletTestExecutionListener.java:132) [spring-test-5.2.8.RELEASE.jar:5.2.8.RELEASE]
	at org.springframework.test.context.TestContextManager.prepareTestInstance(TestContextManager.java:244) [spring-test-5.2.8.RELEASE.jar:5.2.8.RELEASE]
	at org.springframework.test.context.junit4.SpringJUnit4ClassRunner.createTest(SpringJUnit4ClassRunner.java:227) [spring-test-5.2.8.RELEASE.jar:5.2.8.RELEASE]
	at org.springframework.test.context.junit4.SpringJUnit4ClassRunner$1.runReflectiveCall(SpringJUnit4ClassRunner.java:289) [spring-test-5.2.8.RELEASE.jar:5.2.8.RELEASE]
	at org.junit.internal.runners.model.ReflectiveCallable.run(ReflectiveCallable.java:12) [junit-4.13.jar:4.13]
	at org.springframework.test.context.junit4.SpringJUnit4ClassRunner.methodBlock(SpringJUnit4ClassRunner.java:291) [spring-test-5.2.8.RELEASE.jar:5.2.8.RELEASE]
	at org.springframework.test.context.junit4.SpringJUnit4ClassRunner.runChild(SpringJUnit4ClassRunner.java:246) [spring-test-5.2.8.RELEASE.jar:5.2.8.RELEASE]
	at org.springframework.test.context.junit4.SpringJUnit4ClassRunner.runChild(SpringJUnit4ClassRunner.java:97) [spring-test-5.2.8.RELEASE.jar:5.2.8.RELEASE]
	at org.junit.runners.ParentRunner$4.run(ParentRunner.java:331) [junit-4.13.jar:4.13]
	at org.junit.runners.ParentRunner$1.schedule(ParentRunner.java:79) [junit-4.13.jar:4.13]
	at org.junit.runners.ParentRunner.runChildren(ParentRunner.java:329) [junit-4.13.jar:4.13]
	at org.junit.runners.ParentRunner.access$100(ParentRunner.java:66) [junit-4.13.jar:4.13]
	at org.junit.runners.ParentRunner$2.evaluate(ParentRunner.java:293) [junit-4.13.jar:4.13]
	at org.springframework.test.context.junit4.statements.RunBeforeTestClassCallbacks.evaluate(RunBeforeTestClassCallbacks.java:61) [spring-test-5.2.8.RELEASE.jar:5.2.8.RELEASE]
	at org.springframework.test.context.junit4.statements.RunAfterTestClassCallbacks.evaluate(RunAfterTestClassCallbacks.java:70) [spring-test-5.2.8.RELEASE.jar:5.2.8.RELEASE]
	at org.junit.runners.ParentRunner$3.evaluate(ParentRunner.java:306) [junit-4.13.jar:4.13]
	at org.junit.runners.ParentRunner.run(ParentRunner.java:413) [junit-4.13.jar:4.13]
	at org.springframework.test.context.junit4.SpringJUnit4ClassRunner.run(SpringJUnit4ClassRunner.java:190) [spring-test-5.2.8.RELEASE.jar:5.2.8.RELEASE]
	at org.apache.maven.surefire.junit4.JUnit4Provider.execute(JUnit4Provider.java:252) [surefire-junit4-2.12.4.jar:2.12.4]
	at org.apache.maven.surefire.junit4.JUnit4Provider.executeTestSet(JUnit4Provider.java:141) [surefire-junit4-2.12.4.jar:2.12.4]
	at org.apache.maven.surefire.junit4.JUnit4Provider.invoke(JUnit4Provider.java:112) [surefire-junit4-2.12.4.jar:2.12.4]
	at sun.reflect.NativeMethodAccessorImpl.invoke0(Native Method) ~[?:1.8.0_275]
	at sun.reflect.NativeMethodAccessorImpl.invoke(NativeMethodAccessorImpl.java:62) ~[?:1.8.0_275]
	at sun.reflect.DelegatingMethodAccessorImpl.invoke(DelegatingMethodAccessorImpl.java:43) ~[?:1.8.0_275]
	at java.lang.reflect.Method.invoke(Method.java:498) ~[?:1.8.0_275]
	at org.apache.maven.surefire.util.ReflectionUtils.invokeMethodWithArray(ReflectionUtils.java:189) [surefire-api-2.12.4.jar:2.12.4]
	at org.apache.maven.surefire.booter.ProviderFactory$ProviderProxy.invoke(ProviderFactory.java:165) [surefire-booter-2.12.4.jar:2.12.4]
	at org.apache.maven.surefire.booter.ProviderFactory.invokeProvider(ProviderFactory.java:85) [surefire-booter-2.12.4.jar:2.12.4]
	at org.apache.maven.surefire.booter.ForkedBooter.runSuitesInProcess(ForkedBooter.java:115) [surefire-booter-2.12.4.jar:2.12.4]
	at org.apache.maven.surefire.booter.ForkedBooter.main(ForkedBooter.java:75) [surefire-booter-2.12.4.jar:2.12.4]
Caused by: java.nio.charset.MalformedInputException: Input length = 1
	at java.nio.charset.CoderResult.throwException(CoderResult.java:281) ~[?:1.8.0_275]
	at sun.nio.cs.StreamDecoder.implRead(StreamDecoder.java:339) ~[?:1.8.0_275]
	at sun.nio.cs.StreamDecoder.read(StreamDecoder.java:178) ~[?:1.8.0_275]
	at java.io.InputStreamReader.read(InputStreamReader.java:184) ~[?:1.8.0_275]
	at org.yaml.snakeyaml.reader.UnicodeReader.read(UnicodeReader.java:125) ~[snakeyaml-1.26.jar:?]
	at org.yaml.snakeyaml.reader.StreamReader.update(StreamReader.java:183) ~[snakeyaml-1.26.jar:?]
	... 65 more

2021-08-16 15:41:58  WARN 118952 --- [           main] c.a.c.n.c.NacosPropertySourceBuilder     : Ignore the empty nacos configuration and get it based on dataId[user-service] & group[dev]
2021-08-16 15:41:58  WARN 118952 --- [           main] c.a.c.n.c.NacosPropertySourceBuilder     : Ignore the empty nacos configuration and get it based on dataId[user-service.properties] & group[dev]
2021-08-16 15:41:58  WARN 118952 --- [           main] c.a.c.n.c.NacosPropertySourceBuilder     : Ignore the empty nacos configuration and get it based on dataId[user-service-sql.properties] & group[dev]
2021-08-16 15:41:58  INFO 118952 --- [           main] b.c.PropertySourceBootstrapConfiguration : Located property source: [BootstrapPropertySource {name='bootstrapProperties-user-service-dev.properties,dev'}, BootstrapPropertySource {name='bootstrapProperties-user-service-sql.properties,dev'}, BootstrapPropertySource {name='bootstrapProperties-user-service.properties,dev'}, BootstrapPropertySource {name='bootstrapProperties-user-service,dev'}, BootstrapPropertySource {name='bootstrapProperties-druid.yml,dev'}, BootstrapPropertySource {name='bootstrapProperties-datasource.properties,dev'}, BootstrapPropertySource {name='bootstrapProperties-gateway.properties,dev'}, BootstrapPropertySource {name='bootstrapProperties-sentinel.properties,dev'}, BootstrapPropertySource {name='bootstrapProperties-feign.properties,dev'}, BootstrapPropertySource {name='bootstrapProperties-ribbon.properties,dev'}, BootstrapPropertySource {name='bootstrapProperties-common.properties,dev'}, BootstrapPropertySource {name='bootstrapProperties-redis.properties,dev'}]
2021-08-16 15:41:58  INFO 118952 --- [           main] c.n.u.m.MybatisPlusTest                  : The following profiles are active: sql,dev
2021-08-16 15:42:01  INFO 118952 --- [           main] .s.d.r.c.RepositoryConfigurationDelegate : Multiple Spring Data modules found, entering strict repository configuration mode!
2021-08-16 15:42:01  INFO 118952 --- [           main] .s.d.r.c.RepositoryConfigurationDelegate : Bootstrapping Spring Data Redis repositories in DEFAULT mode.
2021-08-16 15:42:01  INFO 118952 --- [           main] .s.d.r.c.RepositoryConfigurationDelegate : Finished Spring Data repository scanning in 58ms. Found 0 Redis repository interfaces.
2021-08-16 15:42:01  WARN 118952 --- [           main] o.s.b.a.e.EndpointId                     : Endpoint ID 'service-registry' contains invalid characters, please migrate to a valid format.
2021-08-16 15:42:02  WARN 118952 --- [           main] o.m.s.m.ClassPathMapperScanner           : No MyBatis mapper was found in '[com.nicebin.user]' package. Please check your configuration.
2021-08-16 15:42:02  INFO 118952 --- [           main] o.s.c.c.s.GenericScope                   : BeanFactory id=da271fe3-ad0e-3caa-9b54-c40950402151
2021-08-16 15:42:03  INFO 118952 --- [           main] trationDelegate$BeanPostProcessorChecker : Bean 'spring.cloud.sentinel-com.alibaba.cloud.sentinel.SentinelProperties' of type [com.alibaba.cloud.sentinel.SentinelProperties] is not eligible for getting processed by all BeanPostProcessors (for example: not eligible for auto-proxying)
2021-08-16 15:42:03  INFO 118952 --- [           main] trationDelegate$BeanPostProcessorChecker : Bean 'com.alibaba.cloud.sentinel.custom.SentinelAutoConfiguration' of type [com.alibaba.cloud.sentinel.custom.SentinelAutoConfiguration] is not eligible for getting processed by all BeanPostProcessors (for example: not eligible for auto-proxying)
2021-08-16 15:42:04  INFO 118952 --- [           main] c.a.d.s.b.a.DruidDataSourceAutoConfigure : Init DruidDataSource
2021-08-16 15:42:05  INFO 118952 --- [           main] c.a.d.p.DruidDataSource                  : {dataSource-1} inited
2021-08-16 15:42:07  INFO 118952 --- [           main] o.r.Version                              : Redisson 3.15.0
2021-08-16 15:42:09  INFO 118952 --- [sson-netty-2-14] o.r.c.p.MasterPubSubConnectionPool       : 1 connections initialized for /127.0.0.1:6379
2021-08-16 15:42:10  INFO 118952 --- [sson-netty-2-19] o.r.c.p.MasterConnectionPool             : 24 connections initialized for /127.0.0.1:6379
2021-08-16 15:42:12  WARN 118952 --- [           main] c.n.c.s.URLConfigurationSource           : No URLs will be polled as dynamic configuration sources.
2021-08-16 15:42:12  INFO 118952 --- [           main] c.n.c.s.URLConfigurationSource           : To enable URLs as dynamic configuration sources, define System property archaius.configurationSource.additionalUrls or make config.properties available on classpath.
2021-08-16 15:42:12  WARN 118952 --- [           main] c.n.c.s.URLConfigurationSource           : No URLs will be polled as dynamic configuration sources.
2021-08-16 15:42:12  INFO 118952 --- [           main] c.n.c.s.URLConfigurationSource           : To enable URLs as dynamic configuration sources, define System property archaius.configurationSource.additionalUrls or make config.properties available on classpath.
2021-08-16 15:42:13  INFO 118952 --- [           main] c.a.c.s.SentinelWebAutoConfiguration     : [Sentinel Starter] register SentinelWebInterceptor with urlPatterns: [/**].
2021-08-16 15:42:15  INFO 118952 --- [           main] o.s.s.c.ThreadPoolTaskScheduler          : Initializing ExecutorService 'Nacos-Watch-Task-Scheduler'
2021-08-16 15:42:15  INFO 118952 --- [           main] c.a.n.c.naming                           : initializer namespace from System Property :null
2021-08-16 15:42:15  INFO 118952 --- [           main] c.a.n.c.naming                           : initializer namespace from System Environment :null
2021-08-16 15:42:15  INFO 118952 --- [           main] c.a.n.c.naming                           : initializer namespace from System Property :null
2021-08-16 15:42:18  INFO 118952 --- [           main] o.s.b.a.e.w.EndpointLinksResolver        : Exposing 21 endpoint(s) beneath base path '/actuator'
2021-08-16 15:42:19  INFO 118952 --- [           main] c.a.n.c.c.i.ClientWorker                 : [fixed-127.0.0.1_8848-35aa5cda-6d64-4cfc-a417-ad83a2307f29] [subscribe] user-service-sentinel-flow.json+dev+35aa5cda-6d64-4cfc-a417-ad83a2307f29
2021-08-16 15:42:19  INFO 118952 --- [           main] c.a.n.c.c.i.CacheData                    : [fixed-127.0.0.1_8848-35aa5cda-6d64-4cfc-a417-ad83a2307f29] [add-listener] ok, tenant=35aa5cda-6d64-4cfc-a417-ad83a2307f29, dataId=user-service-sentinel-flow.json, group=dev, cnt=1
2021-08-16 15:42:19  INFO 118952 --- [           main] c.a.n.c.c.i.ClientWorker                 : [fixed-127.0.0.1_8848-35aa5cda-6d64-4cfc-a417-ad83a2307f29] [subscribe] user-service-sentinel-degrade.json+dev+35aa5cda-6d64-4cfc-a417-ad83a2307f29
2021-08-16 15:42:19  INFO 118952 --- [           main] c.a.n.c.c.i.CacheData                    : [fixed-127.0.0.1_8848-35aa5cda-6d64-4cfc-a417-ad83a2307f29] [add-listener] ok, tenant=35aa5cda-6d64-4cfc-a417-ad83a2307f29, dataId=user-service-sentinel-degrade.json, group=dev, cnt=1
2021-08-16 15:42:19  INFO 118952 --- [           main] c.a.n.c.c.NacosConfigService             : [fixed-127.0.0.1_8848-35aa5cda-6d64-4cfc-a417-ad83a2307f29] [publish-single] ok, dataId=动态发布配置ID, group=动态发布配置goup, tenant=35aa5cda-6d64-4cfc-a417-ad83a2307f29, config=动态发布内容
2021-08-16 15:42:19  INFO 118952 --- [           main] c.a.n.c.c.i.ClientWorker                 : [fixed-127.0.0.1_8848-35aa5cda-6d64-4cfc-a417-ad83a2307f29] [subscribe] user-service-dev.properties+dev+35aa5cda-6d64-4cfc-a417-ad83a2307f29
2021-08-16 15:42:19  INFO 118952 --- [           main] c.a.n.c.c.i.CacheData                    : [fixed-127.0.0.1_8848-35aa5cda-6d64-4cfc-a417-ad83a2307f29] [add-listener] ok, tenant=35aa5cda-6d64-4cfc-a417-ad83a2307f29, dataId=user-service-dev.properties, group=dev, cnt=1
2021-08-16 15:42:19  INFO 118952 --- [           main] s.a.ScheduledAnnotationBeanPostProcessor : No TaskScheduler/ScheduledExecutorService bean found for scheduled processing
2021-08-16 15:42:19  INFO 118952 --- [           main] c.n.u.m.MybatisPlusTest                  : Started MybatisPlusTest in 25.845 seconds (JVM running for 28.204)
2021-08-16 15:42:19  INFO 118952 --- [           main] c.a.n.c.c.i.ClientWorker                 : [fixed-127.0.0.1_8848-35aa5cda-6d64-4cfc-a417-ad83a2307f29] [subscribe] user-service-sql.properties+dev+35aa5cda-6d64-4cfc-a417-ad83a2307f29
2021-08-16 15:42:19  INFO 118952 --- [           main] c.a.n.c.c.i.CacheData                    : [fixed-127.0.0.1_8848-35aa5cda-6d64-4cfc-a417-ad83a2307f29] [add-listener] ok, tenant=35aa5cda-6d64-4cfc-a417-ad83a2307f29, dataId=user-service-sql.properties, group=dev, cnt=1
2021-08-16 15:42:19  INFO 118952 --- [           main] c.a.n.c.c.i.ClientWorker                 : [fixed-127.0.0.1_8848-35aa5cda-6d64-4cfc-a417-ad83a2307f29] [subscribe] ribbon.properties+dev+35aa5cda-6d64-4cfc-a417-ad83a2307f29
2021-08-16 15:42:19  INFO 118952 --- [           main] c.a.n.c.c.i.CacheData                    : [fixed-127.0.0.1_8848-35aa5cda-6d64-4cfc-a417-ad83a2307f29] [add-listener] ok, tenant=35aa5cda-6d64-4cfc-a417-ad83a2307f29, dataId=ribbon.properties, group=dev, cnt=1
2021-08-16 15:42:19  INFO 118952 --- [           main] c.a.n.c.c.i.ClientWorker                 : [fixed-127.0.0.1_8848-35aa5cda-6d64-4cfc-a417-ad83a2307f29] [subscribe] redis.properties+dev+35aa5cda-6d64-4cfc-a417-ad83a2307f29
2021-08-16 15:42:19  INFO 118952 --- [           main] c.a.n.c.c.i.CacheData                    : [fixed-127.0.0.1_8848-35aa5cda-6d64-4cfc-a417-ad83a2307f29] [add-listener] ok, tenant=35aa5cda-6d64-4cfc-a417-ad83a2307f29, dataId=redis.properties, group=dev, cnt=1
2021-08-16 15:42:19  INFO 118952 --- [           main] c.a.n.c.c.i.ClientWorker                 : [fixed-127.0.0.1_8848-35aa5cda-6d64-4cfc-a417-ad83a2307f29] [subscribe] feign.properties+dev+35aa5cda-6d64-4cfc-a417-ad83a2307f29
2021-08-16 15:42:19  INFO 118952 --- [           main] c.a.n.c.c.i.CacheData                    : [fixed-127.0.0.1_8848-35aa5cda-6d64-4cfc-a417-ad83a2307f29] [add-listener] ok, tenant=35aa5cda-6d64-4cfc-a417-ad83a2307f29, dataId=feign.properties, group=dev, cnt=1
2021-08-16 15:42:19  INFO 118952 --- [           main] c.a.n.c.c.i.ClientWorker                 : [fixed-127.0.0.1_8848-35aa5cda-6d64-4cfc-a417-ad83a2307f29] [subscribe] gateway.properties+dev+35aa5cda-6d64-4cfc-a417-ad83a2307f29
2021-08-16 15:42:19  INFO 118952 --- [           main] c.a.n.c.c.i.CacheData                    : [fixed-127.0.0.1_8848-35aa5cda-6d64-4cfc-a417-ad83a2307f29] [add-listener] ok, tenant=35aa5cda-6d64-4cfc-a417-ad83a2307f29, dataId=gateway.properties, group=dev, cnt=1
2021-08-16 15:42:19  INFO 118952 --- [           main] c.a.n.c.c.i.CacheData                    : [fixed-127.0.0.1_8848-35aa5cda-6d64-4cfc-a417-ad83a2307f29] [add-listener] ok, tenant=35aa5cda-6d64-4cfc-a417-ad83a2307f29, dataId=user-service-dev.properties, group=dev, cnt=2
2021-08-16 15:42:19  INFO 118952 --- [           main] c.a.n.c.c.i.ClientWorker                 : [fixed-127.0.0.1_8848-35aa5cda-6d64-4cfc-a417-ad83a2307f29] [subscribe] sentinel.properties+dev+35aa5cda-6d64-4cfc-a417-ad83a2307f29
2021-08-16 15:42:19  INFO 118952 --- [           main] c.a.n.c.c.i.CacheData                    : [fixed-127.0.0.1_8848-35aa5cda-6d64-4cfc-a417-ad83a2307f29] [add-listener] ok, tenant=35aa5cda-6d64-4cfc-a417-ad83a2307f29, dataId=sentinel.properties, group=dev, cnt=1
2021-08-16 15:42:19  INFO 118952 --- [           main] c.a.n.c.c.i.ClientWorker                 : [fixed-127.0.0.1_8848-35aa5cda-6d64-4cfc-a417-ad83a2307f29] [subscribe] druid.yml+dev+35aa5cda-6d64-4cfc-a417-ad83a2307f29
2021-08-16 15:42:19  INFO 118952 --- [           main] c.a.n.c.c.i.CacheData                    : [fixed-127.0.0.1_8848-35aa5cda-6d64-4cfc-a417-ad83a2307f29] [add-listener] ok, tenant=35aa5cda-6d64-4cfc-a417-ad83a2307f29, dataId=druid.yml, group=dev, cnt=1
2021-08-16 15:42:19  INFO 118952 --- [           main] c.a.n.c.c.i.ClientWorker                 : [fixed-127.0.0.1_8848-35aa5cda-6d64-4cfc-a417-ad83a2307f29] [subscribe] user-service+dev+35aa5cda-6d64-4cfc-a417-ad83a2307f29
2021-08-16 15:42:19  INFO 118952 --- [           main] c.a.n.c.c.i.CacheData                    : [fixed-127.0.0.1_8848-35aa5cda-6d64-4cfc-a417-ad83a2307f29] [add-listener] ok, tenant=35aa5cda-6d64-4cfc-a417-ad83a2307f29, dataId=user-service, group=dev, cnt=1
2021-08-16 15:42:19  INFO 118952 --- [           main] c.a.n.c.c.i.ClientWorker                 : [fixed-127.0.0.1_8848-35aa5cda-6d64-4cfc-a417-ad83a2307f29] [subscribe] user-service.properties+dev+35aa5cda-6d64-4cfc-a417-ad83a2307f29
2021-08-16 15:42:19  INFO 118952 --- [           main] c.a.n.c.c.i.CacheData                    : [fixed-127.0.0.1_8848-35aa5cda-6d64-4cfc-a417-ad83a2307f29] [add-listener] ok, tenant=35aa5cda-6d64-4cfc-a417-ad83a2307f29, dataId=user-service.properties, group=dev, cnt=1
2021-08-16 15:42:19  INFO 118952 --- [           main] c.a.n.c.c.i.ClientWorker                 : [fixed-127.0.0.1_8848-35aa5cda-6d64-4cfc-a417-ad83a2307f29] [subscribe] datasource.properties+dev+35aa5cda-6d64-4cfc-a417-ad83a2307f29
2021-08-16 15:42:19  INFO 118952 --- [           main] c.a.n.c.c.i.CacheData                    : [fixed-127.0.0.1_8848-35aa5cda-6d64-4cfc-a417-ad83a2307f29] [add-listener] ok, tenant=35aa5cda-6d64-4cfc-a417-ad83a2307f29, dataId=datasource.properties, group=dev, cnt=1
2021-08-16 15:42:19  INFO 118952 --- [           main] c.a.n.c.c.i.ClientWorker                 : [fixed-127.0.0.1_8848-35aa5cda-6d64-4cfc-a417-ad83a2307f29] [subscribe] common.properties+dev+35aa5cda-6d64-4cfc-a417-ad83a2307f29
2021-08-16 15:42:19  INFO 118952 --- [           main] c.a.n.c.c.i.CacheData                    : [fixed-127.0.0.1_8848-35aa5cda-6d64-4cfc-a417-ad83a2307f29] [add-listener] ok, tenant=35aa5cda-6d64-4cfc-a417-ad83a2307f29, dataId=common.properties, group=dev, cnt=1
2021-08-16 15:42:20  INFO 118952 --- [           main] c.n.c.ChainedDynamicProperty             : Flipping property: user-service.ribbon.ActiveConnectionsLimit to use NEXT property: niws.loadbalancer.availabilityFilteringRule.activeConnectionsLimit = 2147483647
2021-08-16 15:42:20  INFO 118952 --- [           main] c.n.l.BaseLoadBalancer                   : Client: user-service instantiated a LoadBalancer: DynamicServerListLoadBalancer:{NFLoadBalancer:name=user-service,current list of Servers=[],Load balancer stats=Zone stats: {},Server stats: []}ServerList:null
2021-08-16 15:42:20  INFO 118952 --- [           main] c.n.l.DynamicServerListLoadBalancer      : Using serverListUpdater PollingServerListUpdater
2021-08-16 15:42:20  INFO 118952 --- [           main] c.n.l.DynamicServerListLoadBalancer      : DynamicServerListLoadBalancer for client user-service initialized: DynamicServerListLoadBalancer:{NFLoadBalancer:name=user-service,current list of Servers=[],Load balancer stats=Zone stats: {},Server stats: []}ServerList:com.alibaba.cloud.nacos.ribbon.NacosServerList@1a5c0b8
2021-08-16 15:42:26  WARN 118952 --- [      Thread-14] c.a.n.c.n.NotifyCenter                   : [NotifyCenter] Start destroying Publisher
2021-08-16 15:42:26  WARN 118952 --- [       Thread-2] c.a.n.c.h.HttpClientBeanHolder           : [HttpClientBeanHolder] Start destroying common HttpClient
2021-08-16 15:42:26  INFO 118952 --- [      Thread-29] c.n.l.PollingServerListUpdater           : Shutting down the Executor Pool for PollingServerListUpdater
2021-08-16 15:42:26  WARN 118952 --- [      Thread-14] c.a.n.c.n.NotifyCenter                   : [NotifyCenter] Destruction of the end
2021-08-16 15:42:26  WARN 118952 --- [       Thread-2] c.a.n.c.h.HttpClientBeanHolder           : [HttpClientBeanHolder] Destruction of the end
2021-08-16 15:42:26  INFO 118952 --- [extShutdownHook] o.s.s.c.ThreadPoolTaskScheduler          : Shutting down ExecutorService 'Nacos-Watch-Task-Scheduler'
2021-08-16 15:42:26  INFO 118952 --- [extShutdownHook] c.a.n.c.naming                           : com.alibaba.nacos.client.naming.beat.BeatReactor do shutdown begin
2021-08-16 15:42:26  INFO 118952 --- [extShutdownHook] c.a.n.c.naming                           : com.alibaba.nacos.client.naming.beat.BeatReactor do shutdown stop
2021-08-16 15:42:26  INFO 118952 --- [extShutdownHook] c.a.n.c.naming                           : com.alibaba.nacos.client.naming.core.HostReactor do shutdown begin
2021-08-16 15:42:27  INFO 118952 --- [extShutdownHook] c.a.n.c.naming                           : com.alibaba.nacos.client.naming.core.PushReceiver do shutdown begin
2021-08-16 15:42:30  INFO 118952 --- [extShutdownHook] c.a.n.c.naming                           : com.alibaba.nacos.client.naming.core.PushReceiver do shutdown stop
2021-08-16 15:42:30  INFO 118952 --- [extShutdownHook] c.a.n.c.naming                           : com.alibaba.nacos.client.naming.backups.FailoverReactor do shutdown begin
2021-08-16 15:42:30  INFO 118952 --- [extShutdownHook] c.a.n.c.naming                           : com.alibaba.nacos.client.naming.backups.FailoverReactor do shutdown stop
2021-08-16 15:42:30  INFO 118952 --- [extShutdownHook] c.a.n.c.naming                           : com.alibaba.nacos.client.naming.core.HostReactor do shutdown stop
2021-08-16 15:42:30  INFO 118952 --- [extShutdownHook] c.a.n.c.naming                           : com.alibaba.nacos.client.naming.net.NamingProxy do shutdown begin
2021-08-16 15:42:30  WARN 118952 --- [extShutdownHook] c.a.n.c.naming                           : [NamingHttpClientManager] Start destroying NacosRestTemplate
2021-08-16 15:42:30  WARN 118952 --- [extShutdownHook] c.a.n.c.naming                           : [NamingHttpClientManager] Destruction of the end
2021-08-16 15:42:30  INFO 118952 --- [extShutdownHook] c.a.n.c.i.CredentialWatcher              : [null] CredentialWatcher is stopped
2021-08-16 15:42:30  INFO 118952 --- [extShutdownHook] c.a.n.c.i.CredentialService              : [null] CredentialService is freed
2021-08-16 15:42:30  INFO 118952 --- [extShutdownHook] c.a.n.c.naming                           : com.alibaba.nacos.client.naming.net.NamingProxy do shutdown stop
2021-08-16 15:42:30  INFO 118952 --- [extShutdownHook] c.a.d.p.DruidDataSource                  : {dataSource-1} closing ...
2021-08-16 15:42:30  INFO 118952 --- [extShutdownHook] c.a.d.p.DruidDataSource                  : {dataSource-1} closed
